0 verbose cli /usr/local/bin/node /usr/local/bin/npm
1 info using npm@10.4.0
2 info using node@v20.11.0
3 timing npm:load:whichnode Completed in 1ms
4 timing config:load:defaults Completed in 3ms
5 timing config:load:file:/usr/local/lib/node_modules/npm/npmrc Completed in 0ms
6 timing config:load:builtin Completed in 0ms
7 timing config:load:cli Completed in 3ms
8 timing config:load:env Completed in 0ms
9 timing config:load:project Completed in 2ms
10 timing config:load:file:/home/container/.npmrc Completed in 79ms
11 timing config:load:user Completed in 79ms
12 timing config:load:file:/usr/local/etc/npmrc Completed in 1ms
13 timing config:load:global Completed in 1ms
14 timing config:load:setEnvs Completed in 1ms
15 timing config:load Completed in 89ms
16 timing npm:load:configload Completed in 89ms
17 timing config:load:flatten Completed in 1ms
18 timing npm:load:mkdirpcache Completed in 1ms
19 timing npm:load:mkdirplogs Completed in 0ms
20 verbose title npm install discord.js@13
21 verbose argv "install" "discord.js@13"
22 timing npm:load:setTitle Completed in 0ms
23 timing npm:load:display Completed in 1ms
24 verbose logfile logs-max:10 dir:/home/container/.npm/_logs/2024-02-17T16_32_01_501Z-
25 verbose logfile /home/container/.npm/_logs/2024-02-17T16_32_01_501Z-debug-0.log
26 timing npm:load:logFile Completed in 80ms
27 timing npm:load:timers Completed in 0ms
28 timing npm:load:configScope Completed in 0ms
29 timing npm:load Completed in 191ms
30 timing config:load:flatten Completed in 1ms
31 timing arborist:ctor Completed in 1ms
32 silly logfile done cleaning log files
33 timing arborist:ctor Completed in 0ms
34 timing idealTree:init Completed in 18ms
35 timing idealTree:userRequests Completed in 3ms
36 silly idealTree buildDeps
37 silly fetch manifest discord.js@13
38 http fetch GET 200 https://registry.npmjs.org/discord.js 1212ms (cache miss)
39 silly placeDep ROOT discord.js@13.17.1 OK for:  want: 13
40 silly fetch manifest @discordjs/builders@^0.16.0
41 silly fetch manifest @discordjs/collection@^0.7.0
42 silly fetch manifest @sapphire/async-queue@^1.5.0
43 silly fetch manifest @types/node-fetch@^2.6.3
44 silly fetch manifest @types/ws@^8.5.4
45 silly fetch manifest discord-api-types@^0.33.5
46 silly fetch manifest form-data@^4.0.0
47 silly fetch manifest node-fetch@^2.6.7
48 silly fetch manifest ws@^8.13.0
49 http fetch GET 200 https://registry.npmjs.org/form-data 505ms (cache miss)
50 http fetch GET 200 https://registry.npmjs.org/@types%2fnode-fetch 515ms (cache miss)
51 http fetch GET 200 https://registry.npmjs.org/ws 514ms (cache miss)
52 http fetch GET 200 https://registry.npmjs.org/@types%2fws 523ms (cache miss)
53 http fetch GET 200 https://registry.npmjs.org/node-fetch 608ms (cache miss)
54 http fetch GET 200 https://registry.npmjs.org/discord-api-types 2302ms (cache miss)
55 http fetch GET 200 https://registry.npmjs.org/@sapphire%2fasync-queue 3610ms (cache miss)
56 http fetch GET 200 https://registry.npmjs.org/@discordjs%2fbuilders 4215ms (cache miss)
57 http fetch GET 200 https://registry.npmjs.org/@discordjs%2fcollection 5013ms (cache miss)
58 timing idealTree:#root Completed in 7486ms
59 silly fetch manifest encoding@^0.1.0
60 http fetch GET 200 https://registry.npmjs.org/encoding 609ms (cache miss)
61 silly fetch manifest bufferutil@^4.0.1
62 http fetch GET 200 https://registry.npmjs.org/bufferutil 93ms (cache miss)
63 silly fetch manifest utf-8-validate@>=5.0.2
64 http fetch GET 200 https://registry.npmjs.org/utf-8-validate 70ms (cache miss)
65 silly placeDep ROOT @discordjs/builders@0.16.0 OK for: discord.js@13.17.1 want: ^0.16.0
66 silly placeDep ROOT @discordjs/collection@0.7.0 OK for: discord.js@13.17.1 want: ^0.7.0
67 silly placeDep ROOT @sapphire/async-queue@1.5.2 OK for: discord.js@13.17.1 want: ^1.5.0
68 silly placeDep ROOT @types/node-fetch@2.6.11 OK for: discord.js@13.17.1 want: ^2.6.3
69 silly placeDep ROOT @types/ws@8.5.10 OK for: discord.js@13.17.1 want: ^8.5.4
70 silly placeDep ROOT discord-api-types@0.33.5 OK for: discord.js@13.17.1 want: ^0.33.5
71 silly placeDep ROOT form-data@4.0.0 OK for: discord.js@13.17.1 want: ^4.0.0
72 silly placeDep ROOT node-fetch@2.7.0 OK for: discord.js@13.17.1 want: ^2.6.7
73 silly placeDep ROOT ws@8.16.0 OK for: discord.js@13.17.1 want: ^8.13.0
74 silly fetch manifest @sapphire/shapeshift@^3.5.1
75 silly fetch manifest discord-api-types@^0.36.2
76 silly fetch manifest fast-deep-equal@^3.1.3
77 silly fetch manifest ts-mixer@^6.0.1
78 silly fetch manifest tslib@^2.4.0
79 silly fetch manifest @types/node@*
80 silly fetch manifest asynckit@^0.4.0
81 silly fetch manifest combined-stream@^1.0.8
82 silly fetch manifest mime-types@^2.1.12
83 silly fetch manifest whatwg-url@^5.0.0
84 http fetch GET 200 https://registry.npmjs.org/fast-deep-equal 492ms (cache miss)
85 http fetch GET 200 https://registry.npmjs.org/asynckit 493ms (cache miss)
86 http fetch GET 200 https://registry.npmjs.org/tslib 500ms (cache miss)
87 http fetch GET 200 https://registry.npmjs.org/combined-stream 500ms (cache miss)
88 http fetch GET 200 https://registry.npmjs.org/mime-types 502ms (cache miss)
89 http fetch GET 200 https://registry.npmjs.org/whatwg-url 504ms (cache miss)
90 http fetch GET 200 https://registry.npmjs.org/ts-mixer 1590ms (cache miss)
91 http fetch GET 200 https://registry.npmjs.org/@sapphire%2fshapeshift 1595ms (cache miss)
92 http fetch GET 200 https://registry.npmjs.org/@types%2fnode 1894ms (cache miss)
93 timing idealTree:node_modules/discord.js Completed in 3907ms
94 silly placeDep ROOT @sapphire/shapeshift@3.9.6 OK for: @discordjs/builders@0.16.0 want: ^3.5.1
95 silly placeDep node_modules/@discordjs/builders discord-api-types@0.36.3 OK for: @discordjs/builders@0.16.0 want: ^0.36.2
96 silly placeDep ROOT fast-deep-equal@3.1.3 OK for: @discordjs/builders@0.16.0 want: ^3.1.3
97 silly placeDep ROOT ts-mixer@6.0.3 OK for: @discordjs/builders@0.16.0 want: ^6.0.1
98 silly placeDep ROOT tslib@2.6.2 OK for: @discordjs/builders@0.16.0 want: ^2.4.0
99 silly fetch manifest lodash@^4.17.21
100 http fetch GET 200 https://registry.npmjs.org/lodash 110ms (cache miss)
101 timing idealTree:node_modules/@discordjs/builders Completed in 302ms
102 timing idealTree:node_modules/@discordjs/collection Completed in 0ms
103 timing idealTree:node_modules/@sapphire/async-queue Completed in 0ms
104 silly placeDep ROOT lodash@4.17.21 OK for: @sapphire/shapeshift@3.9.6 want: ^4.17.21
105 timing idealTree:node_modules/@sapphire/shapeshift Completed in 2ms
106 silly placeDep ROOT @types/node@20.11.19 OK for: @types/node-fetch@2.6.11 want: *
107 silly fetch manifest undici-types@~5.26.4
108 http fetch GET 200 https://registry.npmjs.org/undici-types 54ms (cache miss)
109 timing idealTree:node_modules/@types/node-fetch Completed in 58ms
110 silly placeDep ROOT undici-types@5.26.5 OK for: @types/node@20.11.19 want: ~5.26.4
111 timing idealTree:node_modules/@types/node Completed in 1ms
112 timing idealTree:node_modules/@types/ws Completed in 0ms
113 timing idealTree:node_modules/discord-api-types Completed in 0ms
114 timing idealTree:node_modules/fast-deep-equal Completed in 0ms
115 silly placeDep ROOT asynckit@0.4.0 OK for: form-data@4.0.0 want: ^0.4.0
116 silly placeDep ROOT combined-stream@1.0.8 OK for: form-data@4.0.0 want: ^1.0.8
117 silly placeDep ROOT mime-types@2.1.35 OK for: form-data@4.0.0 want: ^2.1.12
118 silly fetch manifest delayed-stream@~1.0.0
119 silly fetch manifest mime-db@1.52.0
120 http fetch GET 200 https://registry.npmjs.org/mime-db 102ms (cache miss)
121 http fetch GET 200 https://registry.npmjs.org/delayed-stream 104ms (cache miss)
122 timing idealTree:node_modules/form-data Completed in 137ms
123 timing idealTree:node_modules/asynckit Completed in 0ms
124 silly placeDep ROOT delayed-stream@1.0.0 OK for: combined-stream@1.0.8 want: ~1.0.0
125 timing idealTree:node_modules/combined-stream Completed in 2ms
126 timing idealTree:node_modules/delayed-stream Completed in 0ms
127 timing idealTree:node_modules/lodash Completed in 0ms
128 silly placeDep ROOT mime-db@1.52.0 OK for: mime-types@2.1.35 want: 1.52.0
129 timing idealTree:node_modules/mime-types Completed in 1ms
130 timing idealTree:node_modules/mime-db Completed in 0ms
131 silly placeDep ROOT whatwg-url@5.0.0 OK for: node-fetch@2.7.0 want: ^5.0.0
132 silly fetch manifest tr46@~0.0.3
133 silly fetch manifest webidl-conversions@^3.0.0
134 http fetch GET 200 https://registry.npmjs.org/tr46 102ms (cache miss)
135 http fetch GET 200 https://registry.npmjs.org/webidl-conversions 150ms (cache miss)
136 timing idealTree:node_modules/node-fetch Completed in 152ms
137 timing idealTree:node_modules/ts-mixer Completed in 0ms
138 timing idealTree:node_modules/tslib Completed in 0ms
139 timing idealTree:node_modules/undici-types Completed in 0ms
140 silly placeDep ROOT tr46@0.0.3 OK for: whatwg-url@5.0.0 want: ~0.0.3
141 silly placeDep ROOT webidl-conversions@3.0.1 OK for: whatwg-url@5.0.0 want: ^3.0.0
142 timing idealTree:node_modules/whatwg-url Completed in 2ms
143 timing idealTree:node_modules/tr46 Completed in 0ms
144 timing idealTree:node_modules/webidl-conversions Completed in 0ms
145 timing idealTree:node_modules/ws Completed in 0ms
146 timing idealTree:node_modules/@discordjs/builders/node_modules/discord-api-types Completed in 0ms
147 timing idealTree:buildDeps Completed in 12052ms
148 timing idealTree:fixDepFlags Completed in 0ms
149 timing idealTree Completed in 12075ms
150 timing reify:loadTrees Completed in 12076ms
151 timing reify:diffTrees Completed in 1ms
152 silly reify moves {}
153 timing reify:retireShallow Completed in 1ms
154 timing reify:createSparse Completed in 34ms
155 timing reify:loadBundles Completed in 0ms
156 silly tarball no local data for webidl-conversions@https://registry.npmjs.org/webidl-conversions/-/webidl-conversions-3.0.1.tgz. Extracting by manifest.
157 silly tarball no local data for tr46@https://registry.npmjs.org/tr46/-/tr46-0.0.3.tgz. Extracting by manifest.
158 silly tarball no local data for mime-db@https://registry.npmjs.org/mime-db/-/mime-db-1.52.0.tgz. Extracting by manifest.
159 silly tarball no local data for whatwg-url@https://registry.npmjs.org/whatwg-url/-/whatwg-url-5.0.0.tgz. Extracting by manifest.
160 silly tarball no local data for delayed-stream@https://registry.npmjs.org/delayed-stream/-/delayed-stream-1.0.0.tgz. Extracting by manifest.
161 silly tarball no local data for mime-types@https://registry.npmjs.org/mime-types/-/mime-types-2.1.35.tgz. Extracting by manifest.
162 silly tarball no local data for combined-stream@https://registry.npmjs.org/combined-stream/-/combined-stream-1.0.8.tgz. Extracting by manifest.
163 silly tarball no local data for asynckit@https://registry.npmjs.org/asynckit/-/asynckit-0.4.0.tgz. Extracting by manifest.
164 silly tarball no local data for undici-types@https://registry.npmjs.org/undici-types/-/undici-types-5.26.5.tgz. Extracting by manifest.
165 silly tarball no local data for lodash@https://registry.npmjs.org/lodash/-/lodash-4.17.21.tgz. Extracting by manifest.
166 silly tarball no local data for @types/node@https://registry.npmjs.org/@types/node/-/node-20.11.19.tgz. Extracting by manifest.
167 silly tarball no local data for tslib@https://registry.npmjs.org/tslib/-/tslib-2.6.2.tgz. Extracting by manifest.
168 silly tarball no local data for ts-mixer@https://registry.npmjs.org/ts-mixer/-/ts-mixer-6.0.3.tgz. Extracting by manifest.
169 silly tarball no local data for fast-deep-equal@https://registry.npmjs.org/fast-deep-equal/-/fast-deep-equal-3.1.3.tgz. Extracting by manifest.
170 silly tarball no local data for node-fetch@https://registry.npmjs.org/node-fetch/-/node-fetch-2.7.0.tgz. Extracting by manifest.
171 silly tarball no local data for @sapphire/shapeshift@https://registry.npmjs.org/@sapphire/shapeshift/-/shapeshift-3.9.6.tgz. Extracting by manifest.
172 silly tarball no local data for ws@https://registry.npmjs.org/ws/-/ws-8.16.0.tgz. Extracting by manifest.
173 silly tarball no local data for form-data@https://registry.npmjs.org/form-data/-/form-data-4.0.0.tgz. Extracting by manifest.
174 silly tarball no local data for discord-api-types@https://registry.npmjs.org/discord-api-types/-/discord-api-types-0.33.5.tgz. Extracting by manifest.
175 silly tarball no local data for @types/ws@https://registry.npmjs.org/@types/ws/-/ws-8.5.10.tgz. Extracting by manifest.
176 silly tarball no local data for @types/node-fetch@https://registry.npmjs.org/@types/node-fetch/-/node-fetch-2.6.11.tgz. Extracting by manifest.
177 silly tarball no local data for @sapphire/async-queue@https://registry.npmjs.org/@sapphire/async-queue/-/async-queue-1.5.2.tgz. Extracting by manifest.
178 silly tarball no local data for @discordjs/builders@https://registry.npmjs.org/@discordjs/builders/-/builders-0.16.0.tgz. Extracting by manifest.
179 silly tarball no local data for @discordjs/collection@https://registry.npmjs.org/@discordjs/collection/-/collection-0.7.0.tgz. Extracting by manifest.
180 silly tarball no local data for discord.js@https://registry.npmjs.org/discord.js/-/discord.js-13.17.1.tgz. Extracting by manifest.
181 silly tarball no local data for discord-api-types@https://registry.npmjs.org/discord-api-types/-/discord-api-types-0.36.3.tgz. Extracting by manifest.
182 http fetch GET 200 https://registry.npmjs.org/whatwg-url/-/whatwg-url-5.0.0.tgz 2403ms (cache miss)
183 timing reifyNode:node_modules/whatwg-url Completed in 2495ms
184 http fetch GET 200 https://registry.npmjs.org/webidl-conversions/-/webidl-conversions-3.0.1.tgz 2482ms (cache miss)
185 timing reifyNode:node_modules/webidl-conversions Completed in 2495ms
186 http fetch GET 200 https://registry.npmjs.org/delayed-stream/-/delayed-stream-1.0.0.tgz 2402ms (cache miss)
187 timing reifyNode:node_modules/delayed-stream Completed in 2496ms
188 http fetch GET 200 https://registry.npmjs.org/combined-stream/-/combined-stream-1.0.8.tgz 2399ms (cache miss)
189 timing reifyNode:node_modules/combined-stream Completed in 2499ms
190 http fetch GET 200 https://registry.npmjs.org/mime-types/-/mime-types-2.1.35.tgz 2502ms (cache miss)
191 timing reifyNode:node_modules/mime-types Completed in 2597ms
192 http fetch GET 200 https://registry.npmjs.org/mime-db/-/mime-db-1.52.0.tgz 2511ms (cache miss)
193 http fetch GET 200 https://registry.npmjs.org/asynckit/-/asynckit-0.4.0.tgz 2503ms (cache miss)
194 timing reifyNode:node_modules/mime-db Completed in 2698ms
195 http fetch GET 200 https://registry.npmjs.org/tr46/-/tr46-0.0.3.tgz 2609ms (cache miss)
196 timing reifyNode:node_modules/asynckit Completed in 2700ms
197 http fetch GET 200 https://registry.npmjs.org/@types/node-fetch/-/node-fetch-2.6.11.tgz 2496ms (cache miss)
198 timing reifyNode:node_modules/@types/node-fetch Completed in 2702ms
199 timing reifyNode:node_modules/tr46 Completed in 2703ms
200 http fetch GET 200 https://registry.npmjs.org/fast-deep-equal/-/fast-deep-equal-3.1.3.tgz 2597ms (cache miss)
201 timing reifyNode:node_modules/fast-deep-equal Completed in 2704ms
202 http fetch GET 200 https://registry.npmjs.org/@types/ws/-/ws-8.5.10.tgz 2597ms (cache miss)
203 timing reifyNode:node_modules/@types/ws Completed in 2803ms
204 http fetch GET 200 https://registry.npmjs.org/form-data/-/form-data-4.0.0.tgz 2604ms (cache miss)
205 timing reifyNode:node_modules/form-data Completed in 2807ms
206 http fetch GET 200 https://registry.npmjs.org/@sapphire/async-queue/-/async-queue-1.5.2.tgz 2794ms (cache miss)
207 timing reifyNode:node_modules/@sapphire/async-queue Completed in 3004ms
208 http fetch GET 200 https://registry.npmjs.org/undici-types/-/undici-types-5.26.5.tgz 2991ms (cache miss)
209 timing reifyNode:node_modules/undici-types Completed in 3101ms
210 http fetch GET 200 https://registry.npmjs.org/tslib/-/tslib-2.6.2.tgz 2996ms (cache miss)
211 timing reifyNode:node_modules/tslib Completed in 3102ms
212 http fetch GET 200 https://registry.npmjs.org/@discordjs/collection/-/collection-0.7.0.tgz 2995ms (cache miss)
213 warn deprecated @discordjs/collection@0.7.0: no longer supported
214 timing reifyNode:node_modules/@discordjs/collection Completed in 3205ms
215 http fetch GET 200 https://registry.npmjs.org/ts-mixer/-/ts-mixer-6.0.3.tgz 3106ms (cache miss)
216 timing reifyNode:node_modules/ts-mixer Completed in 3294ms
217 http fetch GET 200 https://registry.npmjs.org/node-fetch/-/node-fetch-2.7.0.tgz 3108ms (cache miss)
218 timing reifyNode:node_modules/node-fetch Completed in 3306ms
219 http fetch GET 200 https://registry.npmjs.org/ws/-/ws-8.16.0.tgz 3201ms (cache miss)
220 timing reifyNode:node_modules/ws Completed in 3403ms
221 http fetch GET 200 https://registry.npmjs.org/@discordjs/builders/-/builders-0.16.0.tgz 3392ms (cache miss)
222 warn deprecated @discordjs/builders@0.16.0: no longer supported
223 timing reifyNode:node_modules/@discordjs/builders Completed in 3600ms
224 http fetch GET 200 https://registry.npmjs.org/@sapphire/shapeshift/-/shapeshift-3.9.6.tgz 3903ms (cache miss)
225 timing reifyNode:node_modules/@sapphire/shapeshift Completed in 4103ms
226 http fetch GET 200 https://registry.npmjs.org/@types/node/-/node-20.11.19.tgz 6708ms (cache miss)
227 timing reifyNode:node_modules/@types/node Completed in 6812ms
228 http fetch GET 200 https://registry.npmjs.org/discord.js/-/discord.js-13.17.1.tgz 6892ms (cache miss)
229 timing reifyNode:node_modules/discord.js Completed in 7100ms
230 http fetch GET 200 https://registry.npmjs.org/lodash/-/lodash-4.17.21.tgz 10599ms (cache miss)
231 timing reifyNode:node_modules/lodash Completed in 10795ms
232 http fetch GET 200 https://registry.npmjs.org/discord-api-types/-/discord-api-types-0.36.3.tgz 10606ms (cache miss)
233 timing reifyNode:node_modules/@discordjs/builders/node_modules/discord-api-types Completed in 10816ms
234 http fetch GET 200 https://registry.npmjs.org/discord-api-types/-/discord-api-types-0.33.5.tgz 10702ms (cache miss)
235 timing reifyNode:node_modules/discord-api-types Completed in 10907ms
236 timing reify:unpack Completed in 10908ms
237 timing reify:unretire Completed in 0ms
238 timing build:queue Completed in 1ms
239 timing build:deps Completed in 1ms
240 timing build Completed in 2ms
241 timing reify:build Completed in 2ms
242 timing reify:trash Completed in 0ms
243 timing reify:save Completed in 11ms
244 timing reify Completed in 23201ms
245 silly ADD node_modules/webidl-conversions
246 silly ADD node_modules/tr46
247 silly ADD node_modules/whatwg-url
248 silly ADD node_modules/mime-db
249 silly ADD node_modules/delayed-stream
250 silly ADD node_modules/mime-types
251 silly ADD node_modules/combined-stream
252 silly ADD node_modules/asynckit
253 silly ADD node_modules/undici-types
254 silly ADD node_modules/@types/node
255 silly ADD node_modules/lodash
256 silly ADD node_modules/tslib
257 silly ADD node_modules/ts-mixer
258 silly ADD node_modules/fast-deep-equal
259 silly ADD node_modules/@sapphire/shapeshift
260 silly ADD node_modules/ws
261 silly ADD node_modules/node-fetch
262 silly ADD node_modules/form-data
263 silly ADD node_modules/discord-api-types
264 silly ADD node_modules/@types/ws
265 silly ADD node_modules/@types/node-fetch
266 silly ADD node_modules/@sapphire/async-queue
267 silly ADD node_modules/@discordjs/collection
268 silly ADD node_modules/@discordjs/builders
269 silly ADD node_modules/@discordjs/builders/node_modules/discord-api-types
270 silly ADD node_modules/discord.js
271 timing command:install Completed in 23208ms
272 verbose exit 0
273 timing npm Completed in 24513ms
274 info ok
