0 verbose cli /usr/local/bin/node /usr/local/bin/npm
1 info using npm@10.4.0
2 info using node@v20.11.0
3 timing npm:load:whichnode Completed in 86ms
4 timing config:load:defaults Completed in 2ms
5 timing config:load:file:/usr/local/lib/node_modules/npm/npmrc Completed in 0ms
6 timing config:load:builtin Completed in 1ms
7 timing config:load:cli Completed in 2ms
8 timing config:load:env Completed in 0ms
9 timing config:load:project Completed in 1ms
10 timing config:load:file:/home/container/.npmrc Completed in 0ms
11 timing config:load:user Completed in 0ms
12 timing config:load:file:/usr/local/etc/npmrc Completed in 1ms
13 timing config:load:global Completed in 2ms
14 timing config:load:setEnvs Completed in 0ms
15 timing config:load Completed in 8ms
16 timing npm:load:configload Completed in 9ms
17 timing config:load:flatten Completed in 2ms
18 timing npm:load:mkdirpcache Completed in 71ms
19 timing npm:load:mkdirplogs Completed in 7ms
20 verbose title npm install
21 verbose argv "install"
22 timing npm:load:setTitle Completed in 1ms
23 timing npm:load:display Completed in 0ms
24 verbose logfile logs-max:10 dir:/home/container/.npm/_logs/2024-02-17T16_33_39_716Z-
25 verbose logfile /home/container/.npm/_logs/2024-02-17T16_33_39_716Z-debug-0.log
26 timing npm:load:logFile Completed in 10ms
27 timing npm:load:timers Completed in 0ms
28 timing npm:load:configScope Completed in 0ms
29 timing npm:load Completed in 196ms
30 timing arborist:ctor Completed in 1ms
31 silly logfile done cleaning log files
32 timing idealTree:init Completed in 106ms
33 timing idealTree:userRequests Completed in 0ms
34 silly idealTree buildDeps
35 timing idealTree:#root Completed in 0ms
36 timing idealTree:buildDeps Completed in 1ms
37 timing idealTree:fixDepFlags Completed in 0ms
38 timing idealTree Completed in 109ms
39 timing arborist:ctor Completed in 1ms
40 timing reify:loadTrees Completed in 196ms
41 timing reify:diffTrees Completed in 2ms
42 silly reify moves {}
43 timing reify:retireShallow Completed in 4ms
44 timing reify:createSparse Completed in 0ms
45 timing reify:loadBundles Completed in 0ms
46 silly audit bulk request {
46 silly audit   '@discordjs/builders': [ '0.16.0' ],
46 silly audit   'discord-api-types': [ '0.36.3', '0.33.5' ],
46 silly audit   '@discordjs/collection': [ '0.7.0' ],
46 silly audit   '@sapphire/async-queue': [ '1.5.2' ],
46 silly audit   '@sapphire/shapeshift': [ '3.9.6' ],
46 silly audit   '@types/node': [ '20.11.19' ],
46 silly audit   '@types/node-fetch': [ '2.6.11' ],
46 silly audit   '@types/ws': [ '8.5.10' ],
46 silly audit   asynckit: [ '0.4.0' ],
46 silly audit   'combined-stream': [ '1.0.8' ],
46 silly audit   'delayed-stream': [ '1.0.0' ],
46 silly audit   'discord.js': [ '13.17.1' ],
46 silly audit   'fast-deep-equal': [ '3.1.3' ],
46 silly audit   'form-data': [ '4.0.0' ],
46 silly audit   lodash: [ '4.17.21' ],
46 silly audit   'mime-db': [ '1.52.0' ],
46 silly audit   'mime-types': [ '2.1.35' ],
46 silly audit   ms: [ '2.1.3' ],
46 silly audit   'node-fetch': [ '2.7.0' ],
46 silly audit   tr46: [ '0.0.3' ],
46 silly audit   'ts-mixer': [ '6.0.3' ],
46 silly audit   tslib: [ '2.6.2' ],
46 silly audit   'undici-types': [ '5.26.5' ],
46 silly audit   'webidl-conversions': [ '3.0.1' ],
46 silly audit   'whatwg-url': [ '5.0.0' ],
46 silly audit   ws: [ '8.16.0' ]
46 silly audit }
47 timing reify:unpack Completed in 84ms
48 timing reify:unretire Completed in 200ms
49 timing build:queue Completed in 0ms
50 timing build:deps Completed in 1ms
51 timing build Completed in 1ms
52 timing reify:build Completed in 1ms
53 timing reify:trash Completed in 0ms
54 timing reify:save Completed in 99ms
55 http fetch POST 200 https://registry.npmjs.org/-/npm/v1/security/advisories/bulk 721ms
56 timing auditReport:getReport Completed in 725ms
57 silly audit report {}
58 timing auditReport:init Completed in 0ms
59 timing reify:audit Completed in 727ms
60 timing reify Completed in 1022ms
61 timing command:install Completed in 1029ms
62 verbose exit 0
63 timing npm Completed in 2322ms
64 info ok
