0 verbose cli /usr/local/bin/node /usr/local/bin/npm
1 info using npm@10.4.0
2 info using node@v20.11.0
3 timing npm:load:whichnode Completed in 1ms
4 timing config:load:defaults Completed in 2ms
5 timing config:load:file:/usr/local/lib/node_modules/npm/npmrc Completed in 0ms
6 timing config:load:builtin Completed in 0ms
7 timing config:load:cli Completed in 2ms
8 timing config:load:env Completed in 0ms
9 timing config:load:project Completed in 85ms
10 timing config:load:file:/home/container/.npmrc Completed in 0ms
11 timing config:load:user Completed in 0ms
12 timing config:load:file:/usr/local/etc/npmrc Completed in 0ms
13 timing config:load:global Completed in 0ms
14 timing config:load:setEnvs Completed in 1ms
15 timing config:load Completed in 91ms
16 timing npm:load:configload Completed in 92ms
17 timing config:load:flatten Completed in 2ms
18 timing npm:load:mkdirpcache Completed in 1ms
19 timing npm:load:mkdirplogs Completed in 79ms
20 verbose title npm install node:fs
21 verbose argv "install" "node:fs"
22 timing npm:load:setTitle Completed in 1ms
23 timing npm:load:display Completed in 3ms
24 verbose logfile logs-max:10 dir:/home/container/.npm/_logs/2024-02-17T16_33_54_911Z-
25 verbose logfile /home/container/.npm/_logs/2024-02-17T16_33_54_911Z-debug-0.log
26 timing npm:load:logFile Completed in 10ms
27 timing npm:load:timers Completed in 0ms
28 timing npm:load:configScope Completed in 0ms
29 timing npm:load Completed in 201ms
30 timing arborist:ctor Completed in 1ms
31 silly logfile done cleaning log files
32 timing idealTree:init Completed in 200ms
33 timing idealTree Completed in 201ms
34 timing command:install Completed in 289ms
35 verbose stack Error: Unsupported URL Type "node:": node:fs
35 verbose stack     at unsupportedURLType (/usr/local/lib/node_modules/npm/node_modules/npm-package-arg/lib/npa.js:310:15)
35 verbose stack     at fromURL (/usr/local/lib/node_modules/npm/node_modules/npm-package-arg/lib/npa.js:367:13)
35 verbose stack     at resolve (/usr/local/lib/node_modules/npm/node_modules/npm-package-arg/lib/npa.js:83:12)
35 verbose stack     at npa (/usr/local/lib/node_modules/npm/node_modules/npm-package-arg/lib/npa.js:53:10)
35 verbose stack     at /usr/local/lib/node_modules/npm/node_modules/@npmcli/arborist/lib/arborist/build-ideal-tree.js:541:18
35 verbose stack     at Array.map (<anonymous>)
35 verbose stack     at #add (/usr/local/lib/node_modules/npm/node_modules/@npmcli/arborist/lib/arborist/build-ideal-tree.js:538:27)
35 verbose stack     at #applyUserRequestsToNode (/usr/local/lib/node_modules/npm/node_modules/@npmcli/arborist/lib/arborist/build-ideal-tree.js:507:22)
35 verbose stack     at #applyUserRequests (/usr/local/lib/node_modules/npm/node_modules/@npmcli/arborist/lib/arborist/build-ideal-tree.js:442:42)
35 verbose stack     at Arborist.buildIdealTree (/usr/local/lib/node_modules/npm/node_modules/@npmcli/arborist/lib/arborist/build-ideal-tree.js:217:36)
36 verbose cwd /home/container
37 verbose Linux 5.15.0-89-generic
38 verbose node v20.11.0
39 verbose npm  v10.4.0
40 error code EUNSUPPORTEDPROTOCOL
41 error Unsupported URL Type "node:": node:fs
42 verbose exit 1
43 timing npm Completed in 1613ms
44 verbose unfinished npm timer reify 1708187636226
45 verbose unfinished npm timer reify:loadTrees 1708187636308
46 verbose unfinished npm timer idealTree:userRequests 1708187636510
47 verbose code 1
48 error A complete log of this run can be found in: /home/container/.npm/_logs/2024-02-17T16_33_54_911Z-debug-0.log
