0 verbose cli /usr/local/bin/node /usr/local/bin/npm
1 info using npm@10.4.0
2 info using node@v20.11.0
3 timing npm:load:whichnode Completed in 4ms
4 timing config:load:defaults Completed in 1ms
5 timing config:load:file:/usr/local/lib/node_modules/npm/npmrc Completed in 1ms
6 timing config:load:builtin Completed in 2ms
7 timing config:load:cli Completed in 2ms
8 timing config:load:env Completed in 0ms
9 timing config:load:project Completed in 1ms
10 timing config:load:file:/home/container/.npmrc Completed in 0ms
11 timing config:load:user Completed in 0ms
12 timing config:load:file:/usr/local/etc/npmrc Completed in 0ms
13 timing config:load:global Completed in 1ms
14 timing config:load:setEnvs Completed in 0ms
15 timing config:load Completed in 7ms
16 timing npm:load:configload Completed in 8ms
17 timing config:load:flatten Completed in 2ms
18 timing npm:load:mkdirpcache Completed in 0ms
19 timing npm:load:mkdirplogs Completed in 4ms
20 verbose title npm install discord-html-transcripts
21 verbose argv "install" "discord-html-transcripts"
22 timing npm:load:setTitle Completed in 1ms
23 timing npm:load:display Completed in 0ms
24 verbose logfile logs-max:10 dir:/home/container/.npm/_logs/2024-02-17T16_33_08_313Z-
25 verbose logfile /home/container/.npm/_logs/2024-02-17T16_33_08_313Z-debug-0.log
26 timing npm:load:logFile Completed in 9ms
27 timing npm:load:timers Completed in 0ms
28 timing npm:load:configScope Completed in 0ms
29 timing npm:load Completed in 120ms
30 timing arborist:ctor Completed in 1ms
31 silly logfile done cleaning log files
32 timing idealTree:init Completed in 189ms
33 timing idealTree:userRequests Completed in 1ms
34 silly idealTree buildDeps
35 silly fetch manifest discord-html-transcripts@*
36 timing arborist:ctor Completed in 0ms
37 http fetch GET 200 https://registry.npmjs.org/discord-html-transcripts 1334ms (cache miss)
38 silly fetch manifest discord.js@^13.17.1
39 http fetch GET 200 https://registry.npmjs.org/discord.js 99ms (cache hit)
40 silly fetch manifest discord.js@^14.0.0 || ^15.0.0
41 timing idealTree Completed in 2506ms
42 timing command:install Completed in 2514ms
43 verbose stack Error: unable to resolve dependency tree
43 verbose stack     at #failPeerConflict (/usr/local/lib/node_modules/npm/node_modules/@npmcli/arborist/lib/arborist/build-ideal-tree.js:1402:25)
43 verbose stack     at #loadPeerSet (/usr/local/lib/node_modules/npm/node_modules/@npmcli/arborist/lib/arborist/build-ideal-tree.js:1368:33)
43 verbose stack     at async #buildDepStep (/usr/local/lib/node_modules/npm/node_modules/@npmcli/arborist/lib/arborist/build-ideal-tree.js:939:11)
43 verbose stack     at async Arborist.buildIdealTree (/usr/local/lib/node_modules/npm/node_modules/@npmcli/arborist/lib/arborist/build-ideal-tree.js:218:7)
43 verbose stack     at async Promise.all (index 1)
43 verbose stack     at async Arborist.reify (/usr/local/lib/node_modules/npm/node_modules/@npmcli/arborist/lib/arborist/reify.js:160:5)
43 verbose stack     at async Install.exec (/usr/local/lib/node_modules/npm/lib/commands/install.js:153:5)
43 verbose stack     at async module.exports (/usr/local/lib/node_modules/npm/lib/cli-entry.js:61:5)
44 verbose cwd /home/container
45 verbose Linux 5.15.0-89-generic
46 verbose node v20.11.0
47 verbose npm  v10.4.0
48 error code ERESOLVE
49 error ERESOLVE unable to resolve dependency tree
50 error
51 error While resolving: [1mundefined[22m@[1mundefined[22m
51 error Found: [1mdiscord.js[22m@[1m13.17.1[22m[2m[22m
51 error [2mnode_modules/discord.js[22m
51 error   [1mdiscord.js[22m@"[1m^13.17.1[22m" from the root project
51 error
51 error Could not resolve dependency:
51 error [35mpeer[39m [1mdiscord.js[22m@"[1m^14.0.0 || ^15.0.0[22m" from [1mdiscord-html-transcripts[22m@[1m3.2.0[22m[2m[22m
51 error [2mnode_modules/discord-html-transcripts[22m
51 error   [1mdiscord-html-transcripts[22m@"[1m*[22m" from the root project
51 error
51 error Fix the upstream dependency conflict, or retry
51 error this command with --force or --legacy-peer-deps
51 error to accept an incorrect (and potentially broken) dependency resolution.
52 error
52 error
52 error For a full report see:
52 error /home/container/.npm/_logs/2024-02-17T16_33_08_313Z-eresolve-report.txt
53 verbose exit 1
54 timing npm Completed in 3999ms
55 verbose unfinished npm timer reify 1708187589708
56 verbose unfinished npm timer reify:loadTrees 1708187589711
57 verbose unfinished npm timer idealTree:buildDeps 1708187589903
58 verbose unfinished npm timer idealTree:#root 1708187589903
59 verbose code 1
60 error A complete log of this run can be found in: /home/container/.npm/_logs/2024-02-17T16_33_08_313Z-debug-0.log
