0 verbose cli /usr/local/bin/node /usr/local/bin/npm
1 info using npm@10.4.0
2 info using node@v20.11.0
3 timing npm:load:whichnode Completed in 1ms
4 timing config:load:defaults Completed in 2ms
5 timing config:load:file:/usr/local/lib/node_modules/npm/npmrc Completed in 2ms
6 timing config:load:builtin Completed in 2ms
7 timing config:load:cli Completed in 2ms
8 timing config:load:env Completed in 0ms
9 timing config:load:project Completed in 0ms
10 timing config:load:file:/home/container/.npmrc Completed in 0ms
11 timing config:load:user Completed in 1ms
12 timing config:load:file:/usr/local/etc/npmrc Completed in 0ms
13 timing config:load:global Completed in 0ms
14 timing config:load:setEnvs Completed in 1ms
15 timing config:load Completed in 8ms
16 timing npm:load:configload Completed in 8ms
17 timing config:load:flatten Completed in 2ms
18 timing npm:load:mkdirpcache Completed in 0ms
19 timing npm:load:mkdirplogs Completed in 1ms
20 verbose title npm install ms
21 verbose argv "install" "ms"
22 timing npm:load:setTitle Completed in 0ms
23 timing npm:load:display Completed in 1ms
24 verbose logfile logs-max:10 dir:/home/container/.npm/_logs/2024-02-17T16_33_36_103Z-
25 verbose logfile /home/container/.npm/_logs/2024-02-17T16_33_36_103Z-debug-0.log
26 timing npm:load:logFile Completed in 6ms
27 timing npm:load:timers Completed in 81ms
28 timing npm:load:configScope Completed in 0ms
29 timing npm:load Completed in 192ms
30 timing arborist:ctor Completed in 1ms
31 silly logfile done cleaning log files
32 timing idealTree:init Completed in 198ms
33 timing idealTree:userRequests Completed in 1ms
34 silly idealTree buildDeps
35 silly fetch manifest ms@*
36 timing arborist:ctor Completed in 0ms
37 http fetch GET 200 https://registry.npmjs.org/ms 720ms (cache miss)
38 silly placeDep ROOT ms@2.1.3 OK for:  want: *
39 timing idealTree:#root Completed in 729ms
40 timing idealTree:node_modules/ms Completed in 0ms
41 timing idealTree:buildDeps Completed in 730ms
42 timing idealTree:fixDepFlags Completed in 0ms
43 timing idealTree Completed in 931ms
44 timing reify:loadTrees Completed in 932ms
45 timing reify:diffTrees Completed in 56ms
46 silly reify moves {}
47 timing reify:retireShallow Completed in 1ms
48 timing reify:createSparse Completed in 5ms
49 timing reify:loadBundles Completed in 0ms
50 silly audit bulk request {
50 silly audit   '@discordjs/builders': [ '0.16.0' ],
50 silly audit   'discord-api-types': [ '0.36.3', '0.33.5' ],
50 silly audit   '@discordjs/collection': [ '0.7.0' ],
50 silly audit   '@sapphire/async-queue': [ '1.5.2' ],
50 silly audit   '@sapphire/shapeshift': [ '3.9.6' ],
50 silly audit   '@types/node': [ '20.11.19' ],
50 silly audit   '@types/node-fetch': [ '2.6.11' ],
50 silly audit   '@types/ws': [ '8.5.10' ],
50 silly audit   asynckit: [ '0.4.0' ],
50 silly audit   'combined-stream': [ '1.0.8' ],
50 silly audit   'delayed-stream': [ '1.0.0' ],
50 silly audit   'discord.js': [ '13.17.1' ],
50 silly audit   'fast-deep-equal': [ '3.1.3' ],
50 silly audit   'form-data': [ '4.0.0' ],
50 silly audit   lodash: [ '4.17.21' ],
50 silly audit   'mime-db': [ '1.52.0' ],
50 silly audit   'mime-types': [ '2.1.35' ],
50 silly audit   'node-fetch': [ '2.7.0' ],
50 silly audit   tr46: [ '0.0.3' ],
50 silly audit   'ts-mixer': [ '6.0.3' ],
50 silly audit   tslib: [ '2.6.2' ],
50 silly audit   'undici-types': [ '5.26.5' ],
50 silly audit   'webidl-conversions': [ '3.0.1' ],
50 silly audit   'whatwg-url': [ '5.0.0' ],
50 silly audit   ws: [ '8.16.0' ],
50 silly audit   ms: [ '2.1.3' ]
50 silly audit }
51 silly tarball no local data for ms@https://registry.npmjs.org/ms/-/ms-2.1.3.tgz. Extracting by manifest.
52 http fetch POST 200 https://registry.npmjs.org/-/npm/v1/security/advisories/bulk 231ms
53 timing auditReport:getReport Completed in 233ms
54 silly audit report {}
55 timing auditReport:init Completed in 0ms
56 timing reify:audit Completed in 235ms
57 http fetch GET 200 https://registry.npmjs.org/ms/-/ms-2.1.3.tgz 228ms (cache miss)
58 timing reifyNode:node_modules/ms Completed in 233ms
59 timing reify:unpack Completed in 233ms
60 timing reify:unretire Completed in 0ms
61 timing build:queue Completed in 0ms
62 timing build:deps Completed in 0ms
63 timing build Completed in 0ms
64 timing reify:build Completed in 1ms
65 timing reify:trash Completed in 0ms
66 timing reify:save Completed in 56ms
67 timing reify Completed in 1306ms
68 silly ADD node_modules/ms
69 timing command:install Completed in 1314ms
70 verbose exit 0
71 timing npm Completed in 2610ms
72 info ok
